2024-10-02 09:03:45,046 - crf_inference - INFO - Initializing GRU model...
2024-10-02 09:03:45,074 - crf_inference - INFO - GRU model parameters loaded from Model_Config/GRU_model_params.json
2024-10-02 09:03:45,089 - crf_inference - INFO - GRU word and tag mappings loaded from JSON files
2024-10-02 09:03:45,404 - crf_inference - INFO - GRU model loaded successfully from Models/crf_pos_GRU.pth
2024-10-02 09:03:45,405 - crf_inference - INFO - Starting inference loop. Type 'exit' to quit.
2024-10-02 09:03:46,223 - crf_inference - INFO - Input Sentence: The movie was long, but it was worth watching.
2024-10-02 09:03:46,338 - crf_inference - INFO - Output Tagged Sentence: The<DET> movie<NOUN> was<VERB> long<ADJ> ,<.> but<CONJ> it<PRON> was<VERB> worth<ADJ> watching<NOUN> .<.>
2024-10-02 09:03:53,330 - crf_inference - INFO - Exiting inference loop.
2024-10-02 09:04:00,172 - crf_inference - INFO - Initializing LSTM model...
2024-10-02 09:04:00,247 - crf_inference - INFO - LSTM model parameters loaded from Model_Config/LSTM_model_params.json
2024-10-02 09:04:00,264 - crf_inference - INFO - LSTM word and tag mappings loaded from JSON files
2024-10-02 09:04:00,587 - crf_inference - INFO - LSTM model loaded successfully from Models/crf_pos_LSTM.pth
2024-10-02 09:04:00,587 - crf_inference - INFO - Starting inference loop. Type 'exit' to quit.
2024-10-02 09:04:01,822 - crf_inference - INFO - Input Sentence: The movie was long, but it was worth watching.
2024-10-02 09:04:01,932 - crf_inference - INFO - Output Tagged Sentence: The<DET> movie<NOUN> was<VERB> long<ADJ> ,<.> but<CONJ> it<PRON> was<VERB> worth<ADJ> watching<VERB> .<.>
2024-10-02 09:04:08,707 - crf_inference - INFO - Exiting inference loop.
2024-10-02 09:04:17,206 - crf_inference - INFO - Initializing LSTM model...
2024-10-02 09:04:17,248 - crf_inference - INFO - LSTM model parameters loaded from Model_Config/LSTM_model_params.json
2024-10-02 09:04:17,263 - crf_inference - INFO - LSTM word and tag mappings loaded from JSON files
2024-10-02 09:04:17,590 - crf_inference - INFO - LSTM model loaded successfully from Models/crf_pos_LSTM.pth
2024-10-02 09:04:22,354 - crf_inference - INFO - Initializing LSTM model...
2024-10-02 09:04:22,356 - crf_inference - INFO - LSTM model parameters loaded from Model_Config/LSTM_model_params.json
2024-10-02 09:04:22,385 - crf_inference - INFO - LSTM word and tag mappings loaded from JSON files
2024-10-02 09:04:22,657 - crf_inference - INFO - LSTM model loaded successfully from Models/crf_pos_LSTM.pth
2024-10-02 09:04:26,931 - crf_inference - INFO - Initializing LSTM model...
2024-10-02 09:04:26,933 - crf_inference - INFO - LSTM model parameters loaded from Model_Config/LSTM_model_params.json
2024-10-02 09:04:26,968 - crf_inference - INFO - LSTM word and tag mappings loaded from JSON files
2024-10-02 09:04:27,434 - crf_inference - INFO - LSTM model loaded successfully from Models/crf_pos_LSTM.pth
2024-10-02 09:04:29,239 - crf_inference - INFO - Initializing GRU model...
2024-10-02 09:04:29,240 - crf_inference - INFO - GRU model parameters loaded from Model_Config/GRU_model_params.json
2024-10-02 09:04:29,270 - crf_inference - INFO - GRU word and tag mappings loaded from JSON files
2024-10-02 09:04:29,560 - crf_inference - INFO - GRU model loaded successfully from Models/crf_pos_GRU.pth
2024-10-02 09:04:30,577 - crf_inference - INFO - Initializing GRU model...
2024-10-02 09:04:30,578 - crf_inference - INFO - GRU model parameters loaded from Model_Config/GRU_model_params.json
2024-10-02 09:04:30,612 - crf_inference - INFO - GRU word and tag mappings loaded from JSON files
2024-10-02 09:04:30,979 - crf_inference - INFO - GRU model loaded successfully from Models/crf_pos_GRU.pth
2024-10-02 09:04:35,047 - crf_inference - INFO - Initializing GRU model...
2024-10-02 09:04:35,049 - crf_inference - INFO - GRU model parameters loaded from Model_Config/GRU_model_params.json
2024-10-02 09:04:35,074 - crf_inference - INFO - GRU word and tag mappings loaded from JSON files
2024-10-02 09:04:35,371 - crf_inference - INFO - GRU model loaded successfully from Models/crf_pos_GRU.pth
2024-10-02 09:04:41,336 - crf_inference - INFO - Initializing LSTM model...
2024-10-02 09:04:41,338 - crf_inference - INFO - LSTM model parameters loaded from Model_Config/LSTM_model_params.json
2024-10-02 09:04:41,367 - crf_inference - INFO - LSTM word and tag mappings loaded from JSON files
2024-10-02 09:04:41,671 - crf_inference - INFO - LSTM model loaded successfully from Models/crf_pos_LSTM.pth
2024-10-02 09:04:53,125 - crf_inference - INFO - Initializing LSTM model...
2024-10-02 09:04:53,127 - crf_inference - INFO - LSTM model parameters loaded from Model_Config/LSTM_model_params.json
2024-10-02 09:04:53,139 - crf_inference - INFO - LSTM word and tag mappings loaded from JSON files
2024-10-02 09:04:53,200 - crf_inference - INFO - Initializing LSTM model...
2024-10-02 09:04:53,201 - crf_inference - INFO - LSTM model parameters loaded from Model_Config/LSTM_model_params.json
2024-10-02 09:04:53,226 - crf_inference - INFO - LSTM word and tag mappings loaded from JSON files
2024-10-02 09:04:53,685 - crf_inference - INFO - LSTM model loaded successfully from Models/crf_pos_LSTM.pth
2024-10-02 09:04:53,818 - crf_inference - INFO - LSTM model loaded successfully from Models/crf_pos_LSTM.pth
2024-10-02 09:12:47,258 - crf_inference - INFO - Initializing LSTM model...
2024-10-02 09:12:47,309 - crf_inference - INFO - LSTM model parameters loaded from Model_Config/LSTM_model_params.json
2024-10-02 09:12:47,344 - crf_inference - INFO - LSTM word and tag mappings loaded from JSON files
2024-10-02 09:12:47,914 - crf_inference - INFO - LSTM model loaded successfully from Models/crf_pos_LSTM.pth
2024-10-02 09:12:51,239 - crf_inference - INFO - Initializing LSTM model...
2024-10-02 09:12:51,240 - crf_inference - INFO - LSTM model parameters loaded from Model_Config/LSTM_model_params.json
2024-10-02 09:12:51,269 - crf_inference - INFO - LSTM word and tag mappings loaded from JSON files
2024-10-02 09:12:51,546 - crf_inference - INFO - LSTM model loaded successfully from Models/crf_pos_LSTM.pth
2024-10-02 18:43:16,752 - crf_inference - INFO - Initializing LSTM model...
2024-10-02 18:43:16,804 - crf_inference - INFO - LSTM model parameters loaded from Model_Config/LSTM_model_params.json
2024-10-02 18:43:16,823 - crf_inference - INFO - LSTM word and tag mappings loaded from JSON files
2024-10-02 18:43:17,423 - crf_inference - INFO - LSTM model loaded successfully from Models/crf_pos_LSTM.pth
2024-10-02 18:43:17,424 - crf_inference - INFO - Starting inference loop. Type 'exit' to quit.
2024-10-02 18:43:32,208 - crf_inference - INFO - Input Sentence: The presentation went well and the audience was engaged.
2024-10-02 18:43:32,671 - crf_inference - INFO - Output Tagged Sentence: The<DET> presentation<NOUN> went<VERB> well<ADV> and<CONJ> the<DET> audience<NOUN> was<VERB> engaged<VERB> .<.>
2024-10-02 18:44:46,706 - crf_inference - INFO - Input Sentence: The quick brown fox jumps over the lazy dog.
2024-10-02 18:44:46,730 - crf_inference - INFO - Output Tagged Sentence: The<DET> quick<ADJ> brown<ADJ> fox<NOUN> jumps<VERB> over<ADP> the<DET> lazy<ADJ> dog<NOUN> .<.>
2024-10-02 18:45:26,660 - crf_inference - INFO - Exiting inference loop.
