2024-09-30 02:32:11,371 - INFO - Total tagged sentences in Brown corpus: 57340
2024-09-30 02:32:11,371 - INFO - Processed 0/57340 sentences.
2024-09-30 02:32:11,604 - INFO - Processed 1000/57340 sentences.
2024-09-30 02:32:11,821 - INFO - Processed 2000/57340 sentences.
2024-09-30 02:32:12,045 - INFO - Processed 3000/57340 sentences.
2024-09-30 02:32:12,273 - INFO - Processed 4000/57340 sentences.
2024-09-30 02:32:12,499 - INFO - Processed 5000/57340 sentences.
2024-09-30 02:32:12,704 - INFO - Processed 6000/57340 sentences.
2024-09-30 02:32:12,904 - INFO - Processed 7000/57340 sentences.
2024-09-30 02:32:13,125 - INFO - Processed 8000/57340 sentences.
2024-09-30 02:32:13,376 - INFO - Processed 9000/57340 sentences.
2024-09-30 02:32:13,613 - INFO - Processed 10000/57340 sentences.
2024-09-30 02:32:13,831 - INFO - Processed 11000/57340 sentences.
2024-09-30 02:32:14,021 - INFO - Processed 12000/57340 sentences.
2024-09-30 02:32:14,213 - INFO - Processed 13000/57340 sentences.
2024-09-30 02:32:14,427 - INFO - Processed 14000/57340 sentences.
2024-09-30 02:32:14,617 - INFO - Processed 15000/57340 sentences.
2024-09-30 02:32:14,840 - INFO - Processed 16000/57340 sentences.
2024-09-30 02:32:15,054 - INFO - Processed 17000/57340 sentences.
2024-09-30 02:32:15,293 - INFO - Processed 18000/57340 sentences.
2024-09-30 02:32:15,610 - INFO - Processed 19000/57340 sentences.
2024-09-30 02:32:15,866 - INFO - Processed 20000/57340 sentences.
2024-09-30 02:32:16,120 - INFO - Processed 21000/57340 sentences.
2024-09-30 02:32:16,357 - INFO - Processed 22000/57340 sentences.
2024-09-30 02:32:16,583 - INFO - Processed 23000/57340 sentences.
2024-09-30 02:32:16,815 - INFO - Processed 24000/57340 sentences.
2024-09-30 02:32:17,042 - INFO - Processed 25000/57340 sentences.
2024-09-30 02:32:17,292 - INFO - Processed 26000/57340 sentences.
2024-09-30 02:32:17,572 - INFO - Processed 27000/57340 sentences.
2024-09-30 02:32:17,790 - INFO - Processed 28000/57340 sentences.
2024-09-30 02:32:18,015 - INFO - Processed 29000/57340 sentences.
2024-09-30 02:32:18,265 - INFO - Processed 30000/57340 sentences.
2024-09-30 02:32:18,515 - INFO - Processed 31000/57340 sentences.
2024-09-30 02:32:18,738 - INFO - Processed 32000/57340 sentences.
2024-09-30 02:32:18,959 - INFO - Processed 33000/57340 sentences.
2024-09-30 02:32:19,212 - INFO - Processed 34000/57340 sentences.
2024-09-30 02:32:19,441 - INFO - Processed 35000/57340 sentences.
2024-09-30 02:32:19,711 - INFO - Processed 36000/57340 sentences.
2024-09-30 02:32:19,947 - INFO - Processed 37000/57340 sentences.
2024-09-30 02:32:20,155 - INFO - Processed 38000/57340 sentences.
2024-09-30 02:32:20,320 - INFO - Processed 39000/57340 sentences.
2024-09-30 02:32:20,473 - INFO - Processed 40000/57340 sentences.
2024-09-30 02:32:20,632 - INFO - Processed 41000/57340 sentences.
2024-09-30 02:32:20,799 - INFO - Processed 42000/57340 sentences.
2024-09-30 02:32:20,958 - INFO - Processed 43000/57340 sentences.
2024-09-30 02:32:21,121 - INFO - Processed 44000/57340 sentences.
2024-09-30 02:32:21,259 - INFO - Processed 45000/57340 sentences.
2024-09-30 02:32:21,404 - INFO - Processed 46000/57340 sentences.
2024-09-30 02:32:21,548 - INFO - Processed 47000/57340 sentences.
2024-09-30 02:32:21,685 - INFO - Processed 48000/57340 sentences.
2024-09-30 02:32:21,949 - INFO - Processed 49000/57340 sentences.
2024-09-30 02:32:22,106 - INFO - Processed 50000/57340 sentences.
2024-09-30 02:32:22,276 - INFO - Processed 51000/57340 sentences.
2024-09-30 02:32:22,429 - INFO - Processed 52000/57340 sentences.
2024-09-30 02:32:22,601 - INFO - Processed 53000/57340 sentences.
2024-09-30 02:32:22,752 - INFO - Processed 54000/57340 sentences.
2024-09-30 02:32:22,906 - INFO - Processed 55000/57340 sentences.
2024-09-30 02:32:23,050 - INFO - Processed 56000/57340 sentences.
2024-09-30 02:32:23,239 - INFO - Processed 57000/57340 sentences.
2024-09-30 02:32:23,321 - INFO - Completed data preparation. Total training samples: 57340
2024-09-30 02:32:23,339 - INFO - Training on 45872 samples and validating on 11468 samples.
2024-09-30 02:32:23,340 - INFO - Total Word IDX: 49815, Total Tags IDX: 12
2024-09-30 02:32:24,064 - INFO - Starting model training...
2024-09-30 02:32:24,064 - INFO - Starting epoch 1/25
2024-09-30 02:32:24,350 - INFO - Epoch 1/25, Batch 0/45872, Loss: 49.250457763671875
2024-09-30 02:32:25,298 - INFO - Epoch 1/25, Batch 1280/45872, Loss: 28.36094093322754
2024-09-30 02:32:26,180 - INFO - Epoch 1/25, Batch 2560/45872, Loss: 16.025772094726562
2024-09-30 02:32:27,092 - INFO - Epoch 1/25, Batch 3840/45872, Loss: 12.783785820007324
2024-09-30 02:32:27,984 - INFO - Epoch 1/25, Batch 5120/45872, Loss: 11.386693000793457
2024-09-30 02:32:28,894 - INFO - Epoch 1/25, Batch 6400/45872, Loss: 9.006906509399414
2024-09-30 02:32:30,006 - INFO - Epoch 1/25, Batch 7680/45872, Loss: 8.969468116760254
2024-09-30 02:32:31,144 - INFO - Epoch 1/25, Batch 8960/45872, Loss: 8.517263412475586
2024-09-30 02:32:32,251 - INFO - Epoch 1/25, Batch 10240/45872, Loss: 7.335155487060547
2024-09-30 02:32:33,186 - INFO - Epoch 1/25, Batch 11520/45872, Loss: 8.162762641906738
2024-09-30 02:32:34,226 - INFO - Epoch 1/25, Batch 12800/45872, Loss: 7.106435775756836
2024-09-30 02:32:35,173 - INFO - Epoch 1/25, Batch 14080/45872, Loss: 5.921082019805908
2024-09-30 02:32:36,082 - INFO - Epoch 1/25, Batch 15360/45872, Loss: 5.934203147888184
2024-09-30 02:32:36,952 - INFO - Epoch 1/25, Batch 16640/45872, Loss: 6.100214958190918
2024-09-30 02:32:38,077 - INFO - Epoch 1/25, Batch 17920/45872, Loss: 5.621768951416016
2024-09-30 02:32:39,078 - INFO - Epoch 1/25, Batch 19200/45872, Loss: 4.981267929077148
2024-09-30 02:32:40,109 - INFO - Epoch 1/25, Batch 20480/45872, Loss: 5.982002258300781
2024-09-30 02:32:40,960 - INFO - Epoch 1/25, Batch 21760/45872, Loss: 4.6718220710754395
2024-09-30 02:32:41,924 - INFO - Epoch 1/25, Batch 23040/45872, Loss: 4.727257251739502
2024-09-30 02:32:42,854 - INFO - Epoch 1/25, Batch 24320/45872, Loss: 4.748658180236816
2024-09-30 02:32:43,762 - INFO - Epoch 1/25, Batch 25600/45872, Loss: 4.490254878997803
2024-09-30 02:32:44,751 - INFO - Epoch 1/25, Batch 26880/45872, Loss: 3.6282155513763428
2024-09-30 02:32:45,646 - INFO - Epoch 1/25, Batch 28160/45872, Loss: 4.131373405456543
2024-09-30 02:32:46,702 - INFO - Epoch 1/25, Batch 29440/45872, Loss: 3.486453056335449
2024-09-30 02:32:47,682 - INFO - Epoch 1/25, Batch 30720/45872, Loss: 4.087632179260254
2024-09-30 02:32:48,584 - INFO - Epoch 1/25, Batch 32000/45872, Loss: 3.1602840423583984
2024-09-30 02:32:49,702 - INFO - Epoch 1/25, Batch 33280/45872, Loss: 2.7117362022399902
2024-09-30 02:32:50,570 - INFO - Epoch 1/25, Batch 34560/45872, Loss: 3.5409650802612305
2024-09-30 02:32:51,686 - INFO - Epoch 1/25, Batch 35840/45872, Loss: 2.8045876026153564
2024-09-30 02:32:52,757 - INFO - Epoch 1/25, Batch 37120/45872, Loss: 2.5112037658691406
2024-09-30 02:32:53,759 - INFO - Epoch 1/25, Batch 38400/45872, Loss: 2.7025485038757324
2024-09-30 02:32:54,734 - INFO - Epoch 1/25, Batch 39680/45872, Loss: 2.638721227645874
2024-09-30 02:32:56,177 - INFO - Epoch 1/25, Batch 40960/45872, Loss: 3.240213394165039
2024-09-30 02:32:57,299 - INFO - Epoch 1/25, Batch 42240/45872, Loss: 3.2155988216400146
2024-09-30 02:32:58,394 - INFO - Epoch 1/25, Batch 43520/45872, Loss: 3.441154718399048
2024-09-30 02:32:59,379 - INFO - Epoch 1/25, Batch 44800/45872, Loss: 2.85306978225708
2024-09-30 02:33:00,188 - INFO - End of epoch 1/25, Average Loss: 6.7206
2024-09-30 02:33:00,188 - INFO - Starting validation...
2024-09-30 02:33:55,588 - INFO - Validation completed. Total Correct: 189500, Total Tags: 219188, Validation Accuracy: 86.46%
2024-09-30 02:33:55,678 - INFO - New best model saved with accuracy: 86.46%
2024-09-30 02:33:55,678 - INFO - Starting epoch 2/25
2024-09-30 02:33:55,754 - INFO - Epoch 2/25, Batch 0/45872, Loss: 2.1177923679351807
2024-09-30 02:33:56,713 - INFO - Epoch 2/25, Batch 1280/45872, Loss: 2.5840537548065186
2024-09-30 02:33:57,602 - INFO - Epoch 2/25, Batch 2560/45872, Loss: 1.8187627792358398
2024-09-30 02:33:58,468 - INFO - Epoch 2/25, Batch 3840/45872, Loss: 1.7395460605621338
2024-09-30 02:33:59,387 - INFO - Epoch 2/25, Batch 5120/45872, Loss: 2.0738115310668945
2024-09-30 02:34:00,309 - INFO - Epoch 2/25, Batch 6400/45872, Loss: 1.5550986528396606
2024-09-30 02:34:01,390 - INFO - Epoch 2/25, Batch 7680/45872, Loss: 1.8443536758422852
2024-09-30 02:34:02,480 - INFO - Epoch 2/25, Batch 8960/45872, Loss: 1.6919736862182617
2024-09-30 02:34:03,458 - INFO - Epoch 2/25, Batch 10240/45872, Loss: 1.8491606712341309
2024-09-30 02:34:04,392 - INFO - Epoch 2/25, Batch 11520/45872, Loss: 1.9131267070770264
2024-09-30 02:34:05,436 - INFO - Epoch 2/25, Batch 12800/45872, Loss: 1.0818270444869995
2024-09-30 02:34:06,326 - INFO - Epoch 2/25, Batch 14080/45872, Loss: 1.001960277557373
2024-09-30 02:34:07,222 - INFO - Epoch 2/25, Batch 15360/45872, Loss: 1.0977449417114258
2024-09-30 02:34:08,097 - INFO - Epoch 2/25, Batch 16640/45872, Loss: 1.287006139755249
2024-09-30 02:34:09,237 - INFO - Epoch 2/25, Batch 17920/45872, Loss: 0.9293548464775085
2024-09-30 02:34:10,279 - INFO - Epoch 2/25, Batch 19200/45872, Loss: 0.943817675113678
2024-09-30 02:34:11,330 - INFO - Epoch 2/25, Batch 20480/45872, Loss: 1.3157156705856323
2024-09-30 02:34:12,160 - INFO - Epoch 2/25, Batch 21760/45872, Loss: 0.5954993963241577
2024-09-30 02:34:13,137 - INFO - Epoch 2/25, Batch 23040/45872, Loss: 0.7490880489349365
2024-09-30 02:34:14,093 - INFO - Epoch 2/25, Batch 24320/45872, Loss: 0.3739032745361328
2024-09-30 02:34:15,011 - INFO - Epoch 2/25, Batch 25600/45872, Loss: 0.47265732288360596
2024-09-30 02:34:16,008 - INFO - Epoch 2/25, Batch 26880/45872, Loss: 0.534034013748169
2024-09-30 02:34:16,930 - INFO - Epoch 2/25, Batch 28160/45872, Loss: 0.6495401263237
2024-09-30 02:34:17,981 - INFO - Epoch 2/25, Batch 29440/45872, Loss: -0.034680724143981934
2024-09-30 02:34:19,000 - INFO - Epoch 2/25, Batch 30720/45872, Loss: 0.6694398522377014
2024-09-30 02:34:19,918 - INFO - Epoch 2/25, Batch 32000/45872, Loss: 0.07791407406330109
2024-09-30 02:34:21,049 - INFO - Epoch 2/25, Batch 33280/45872, Loss: 0.04743736982345581
2024-09-30 02:34:21,950 - INFO - Epoch 2/25, Batch 34560/45872, Loss: 0.6266701221466064
2024-09-30 02:34:23,093 - INFO - Epoch 2/25, Batch 35840/45872, Loss: -0.13843698799610138
2024-09-30 02:34:24,191 - INFO - Epoch 2/25, Batch 37120/45872, Loss: -0.4491373896598816
2024-09-30 02:34:25,223 - INFO - Epoch 2/25, Batch 38400/45872, Loss: 0.03092382103204727
2024-09-30 02:34:26,185 - INFO - Epoch 2/25, Batch 39680/45872, Loss: -0.16781660914421082
2024-09-30 02:34:27,350 - INFO - Epoch 2/25, Batch 40960/45872, Loss: 0.04074019193649292
2024-09-30 02:34:28,453 - INFO - Epoch 2/25, Batch 42240/45872, Loss: 0.01884317398071289
2024-09-30 02:34:29,519 - INFO - Epoch 2/25, Batch 43520/45872, Loss: 0.11333325505256653
2024-09-30 02:34:30,438 - INFO - Epoch 2/25, Batch 44800/45872, Loss: 0.31552964448928833
2024-09-30 02:34:31,259 - INFO - End of epoch 2/25, Average Loss: 0.8455
2024-09-30 02:34:31,263 - INFO - Starting validation...
2024-09-30 02:35:26,214 - INFO - Validation completed. Total Correct: 193263, Total Tags: 219188, Validation Accuracy: 88.17%
2024-09-30 02:35:26,307 - INFO - New best model saved with accuracy: 88.17%
2024-09-30 02:35:26,307 - INFO - Starting epoch 3/25
2024-09-30 02:35:26,421 - INFO - Epoch 3/25, Batch 0/45872, Loss: -0.5152071118354797
2024-09-30 02:35:27,479 - INFO - Epoch 3/25, Batch 1280/45872, Loss: -0.15953442454338074
2024-09-30 02:35:28,385 - INFO - Epoch 3/25, Batch 2560/45872, Loss: -0.5614135265350342
2024-09-30 02:35:29,261 - INFO - Epoch 3/25, Batch 3840/45872, Loss: -0.9153392314910889
2024-09-30 02:35:30,132 - INFO - Epoch 3/25, Batch 5120/45872, Loss: -0.584754228591919
2024-09-30 02:35:31,019 - INFO - Epoch 3/25, Batch 6400/45872, Loss: -0.8171529769897461
2024-09-30 02:35:32,098 - INFO - Epoch 3/25, Batch 7680/45872, Loss: -0.4128573536872864
2024-09-30 02:35:33,224 - INFO - Epoch 3/25, Batch 8960/45872, Loss: -0.7149680852890015
2024-09-30 02:35:34,136 - INFO - Epoch 3/25, Batch 10240/45872, Loss: -0.6696663498878479
2024-09-30 02:35:35,066 - INFO - Epoch 3/25, Batch 11520/45872, Loss: -0.7589939832687378
2024-09-30 02:35:36,097 - INFO - Epoch 3/25, Batch 12800/45872, Loss: -1.4240796566009521
2024-09-30 02:35:36,979 - INFO - Epoch 3/25, Batch 14080/45872, Loss: -1.1249520778656006
2024-09-30 02:35:37,901 - INFO - Epoch 3/25, Batch 15360/45872, Loss: -0.8490279912948608
2024-09-30 02:35:38,723 - INFO - Epoch 3/25, Batch 16640/45872, Loss: -0.958682656288147
2024-09-30 02:35:39,774 - INFO - Epoch 3/25, Batch 17920/45872, Loss: -1.3974144458770752
2024-09-30 02:35:40,780 - INFO - Epoch 3/25, Batch 19200/45872, Loss: -1.150698184967041
2024-09-30 02:35:41,803 - INFO - Epoch 3/25, Batch 20480/45872, Loss: -1.173478603363037
2024-09-30 02:35:42,656 - INFO - Epoch 3/25, Batch 21760/45872, Loss: -1.5174431800842285
2024-09-30 02:35:43,672 - INFO - Epoch 3/25, Batch 23040/45872, Loss: -1.4821778535842896
2024-09-30 02:35:44,583 - INFO - Epoch 3/25, Batch 24320/45872, Loss: -1.8948649168014526
2024-09-30 02:35:45,481 - INFO - Epoch 3/25, Batch 25600/45872, Loss: -1.7431509494781494
2024-09-30 02:35:46,478 - INFO - Epoch 3/25, Batch 26880/45872, Loss: -1.2094115018844604
2024-09-30 02:35:47,375 - INFO - Epoch 3/25, Batch 28160/45872, Loss: -1.447898507118225
2024-09-30 02:35:48,407 - INFO - Epoch 3/25, Batch 29440/45872, Loss: -1.9872103929519653
2024-09-30 02:35:49,395 - INFO - Epoch 3/25, Batch 30720/45872, Loss: -1.500470757484436
2024-09-30 02:35:50,279 - INFO - Epoch 3/25, Batch 32000/45872, Loss: -1.8186752796173096
2024-09-30 02:35:51,335 - INFO - Epoch 3/25, Batch 33280/45872, Loss: -1.7630817890167236
2024-09-30 02:35:52,195 - INFO - Epoch 3/25, Batch 34560/45872, Loss: -1.3910936117172241
2024-09-30 02:35:53,301 - INFO - Epoch 3/25, Batch 35840/45872, Loss: -1.8712679147720337
2024-09-30 02:35:54,385 - INFO - Epoch 3/25, Batch 37120/45872, Loss: -2.329380512237549
2024-09-30 02:35:55,382 - INFO - Epoch 3/25, Batch 38400/45872, Loss: -1.908151626586914
2024-09-30 02:35:56,376 - INFO - Epoch 3/25, Batch 39680/45872, Loss: -1.9870637655258179
2024-09-30 02:35:57,544 - INFO - Epoch 3/25, Batch 40960/45872, Loss: -1.9628736972808838
2024-09-30 02:35:58,628 - INFO - Epoch 3/25, Batch 42240/45872, Loss: -2.3362855911254883
2024-09-30 02:35:59,689 - INFO - Epoch 3/25, Batch 43520/45872, Loss: -2.2307732105255127
2024-09-30 02:36:00,640 - INFO - Epoch 3/25, Batch 44800/45872, Loss: -1.7570139169692993
2024-09-30 02:36:01,429 - INFO - End of epoch 3/25, Average Loss: -1.3473
2024-09-30 02:36:01,429 - INFO - Starting validation...
2024-09-30 02:36:56,730 - INFO - Validation completed. Total Correct: 194249, Total Tags: 219188, Validation Accuracy: 88.62%
2024-09-30 02:36:56,815 - INFO - New best model saved with accuracy: 88.62%
2024-09-30 02:36:56,815 - INFO - Starting epoch 4/25
2024-09-30 02:36:56,887 - INFO - Epoch 4/25, Batch 0/45872, Loss: -2.3762335777282715
2024-09-30 02:36:57,830 - INFO - Epoch 4/25, Batch 1280/45872, Loss: -2.042839527130127
2024-09-30 02:36:58,713 - INFO - Epoch 4/25, Batch 2560/45872, Loss: -2.421175718307495
2024-09-30 02:36:59,602 - INFO - Epoch 4/25, Batch 3840/45872, Loss: -2.844292640686035
2024-09-30 02:37:00,507 - INFO - Epoch 4/25, Batch 5120/45872, Loss: -2.6354012489318848
2024-09-30 02:37:01,434 - INFO - Epoch 4/25, Batch 6400/45872, Loss: -2.360288619995117
2024-09-30 02:37:02,517 - INFO - Epoch 4/25, Batch 7680/45872, Loss: -2.2311973571777344
2024-09-30 02:37:03,612 - INFO - Epoch 4/25, Batch 8960/45872, Loss: -2.612366199493408
2024-09-30 02:37:04,622 - INFO - Epoch 4/25, Batch 10240/45872, Loss: -2.629486083984375
2024-09-30 02:37:05,582 - INFO - Epoch 4/25, Batch 11520/45872, Loss: -2.7333550453186035
2024-09-30 02:37:06,654 - INFO - Epoch 4/25, Batch 12800/45872, Loss: -3.2693018913269043
2024-09-30 02:37:07,576 - INFO - Epoch 4/25, Batch 14080/45872, Loss: -2.7866384983062744
2024-09-30 02:37:08,478 - INFO - Epoch 4/25, Batch 15360/45872, Loss: -2.364490509033203
2024-09-30 02:37:09,358 - INFO - Epoch 4/25, Batch 16640/45872, Loss: -2.694851875305176
2024-09-30 02:37:10,460 - INFO - Epoch 4/25, Batch 17920/45872, Loss: -3.1591649055480957
2024-09-30 02:37:11,441 - INFO - Epoch 4/25, Batch 19200/45872, Loss: -2.787682056427002
2024-09-30 02:37:12,492 - INFO - Epoch 4/25, Batch 20480/45872, Loss: -3.257540702819824
2024-09-30 02:37:13,326 - INFO - Epoch 4/25, Batch 21760/45872, Loss: -3.2124183177948
2024-09-30 02:37:14,323 - INFO - Epoch 4/25, Batch 23040/45872, Loss: -3.238090991973877
2024-09-30 02:37:15,267 - INFO - Epoch 4/25, Batch 24320/45872, Loss: -3.684431552886963
2024-09-30 02:37:16,180 - INFO - Epoch 4/25, Batch 25600/45872, Loss: -3.313835859298706
2024-09-30 02:37:17,153 - INFO - Epoch 4/25, Batch 26880/45872, Loss: -2.5632612705230713
2024-09-30 02:37:18,042 - INFO - Epoch 4/25, Batch 28160/45872, Loss: -3.198188304901123
2024-09-30 02:37:19,076 - INFO - Epoch 4/25, Batch 29440/45872, Loss: -3.5458743572235107
2024-09-30 02:37:20,065 - INFO - Epoch 4/25, Batch 30720/45872, Loss: -3.208589553833008
2024-09-30 02:37:20,983 - INFO - Epoch 4/25, Batch 32000/45872, Loss: -3.5036239624023438
2024-09-30 02:37:22,043 - INFO - Epoch 4/25, Batch 33280/45872, Loss: -3.2742087841033936
2024-09-30 02:37:22,949 - INFO - Epoch 4/25, Batch 34560/45872, Loss: -2.896745204925537
2024-09-30 02:37:24,036 - INFO - Epoch 4/25, Batch 35840/45872, Loss: -3.3413028717041016
2024-09-30 02:37:25,098 - INFO - Epoch 4/25, Batch 37120/45872, Loss: -3.831108331680298
2024-09-30 02:37:26,094 - INFO - Epoch 4/25, Batch 38400/45872, Loss: -3.4096713066101074
2024-09-30 02:37:27,067 - INFO - Epoch 4/25, Batch 39680/45872, Loss: -3.3910160064697266
2024-09-30 02:37:28,236 - INFO - Epoch 4/25, Batch 40960/45872, Loss: -3.526453971862793
2024-09-30 02:37:29,333 - INFO - Epoch 4/25, Batch 42240/45872, Loss: -4.328718185424805
2024-09-30 02:37:30,405 - INFO - Epoch 4/25, Batch 43520/45872, Loss: -3.9718470573425293
2024-09-30 02:37:31,336 - INFO - Epoch 4/25, Batch 44800/45872, Loss: -3.4432718753814697
2024-09-30 02:37:32,133 - INFO - End of epoch 4/25, Average Loss: -3.0456
2024-09-30 02:37:32,137 - INFO - Starting validation...
2024-09-30 02:38:27,219 - INFO - Validation completed. Total Correct: 194419, Total Tags: 219188, Validation Accuracy: 88.70%
2024-09-30 02:38:27,306 - INFO - New best model saved with accuracy: 88.70%
2024-09-30 02:38:27,306 - INFO - Starting epoch 5/25
2024-09-30 02:38:27,378 - INFO - Epoch 5/25, Batch 0/45872, Loss: -4.0233025550842285
2024-09-30 02:38:28,328 - INFO - Epoch 5/25, Batch 1280/45872, Loss: -3.6754417419433594
2024-09-30 02:38:29,258 - INFO - Epoch 5/25, Batch 2560/45872, Loss: -3.9217562675476074
2024-09-30 02:38:30,110 - INFO - Epoch 5/25, Batch 3840/45872, Loss: -4.397149085998535
2024-09-30 02:38:30,982 - INFO - Epoch 5/25, Batch 5120/45872, Loss: -4.210981369018555
2024-09-30 02:38:31,883 - INFO - Epoch 5/25, Batch 6400/45872, Loss: -3.7606868743896484
2024-09-30 02:38:32,956 - INFO - Epoch 5/25, Batch 7680/45872, Loss: -3.7759792804718018
2024-09-30 02:38:34,086 - INFO - Epoch 5/25, Batch 8960/45872, Loss: -4.196671485900879
2024-09-30 02:38:35,038 - INFO - Epoch 5/25, Batch 10240/45872, Loss: -4.156074523925781
2024-09-30 02:38:35,965 - INFO - Epoch 5/25, Batch 11520/45872, Loss: -4.275112628936768
2024-09-30 02:38:37,020 - INFO - Epoch 5/25, Batch 12800/45872, Loss: -4.702520370483398
2024-09-30 02:38:37,913 - INFO - Epoch 5/25, Batch 14080/45872, Loss: -4.140178680419922
2024-09-30 02:38:38,877 - INFO - Epoch 5/25, Batch 15360/45872, Loss: -3.5177793502807617
2024-09-30 02:38:39,720 - INFO - Epoch 5/25, Batch 16640/45872, Loss: -4.123136520385742
2024-09-30 02:38:40,788 - INFO - Epoch 5/25, Batch 17920/45872, Loss: -4.609112739562988
2024-09-30 02:38:41,806 - INFO - Epoch 5/25, Batch 19200/45872, Loss: -4.0818586349487305
2024-09-30 02:38:42,887 - INFO - Epoch 5/25, Batch 20480/45872, Loss: -5.068763732910156
2024-09-30 02:38:43,742 - INFO - Epoch 5/25, Batch 21760/45872, Loss: -4.550508499145508
2024-09-30 02:38:44,713 - INFO - Epoch 5/25, Batch 23040/45872, Loss: -4.780800819396973
2024-09-30 02:38:45,641 - INFO - Epoch 5/25, Batch 24320/45872, Loss: -5.239346504211426
2024-09-30 02:38:46,506 - INFO - Epoch 5/25, Batch 25600/45872, Loss: -4.710742473602295
2024-09-30 02:38:47,539 - INFO - Epoch 5/25, Batch 26880/45872, Loss: -3.9912195205688477
2024-09-30 02:38:48,453 - INFO - Epoch 5/25, Batch 28160/45872, Loss: -4.786037921905518
2024-09-30 02:38:49,496 - INFO - Epoch 5/25, Batch 29440/45872, Loss: -5.130101203918457
2024-09-30 02:38:50,498 - INFO - Epoch 5/25, Batch 30720/45872, Loss: -4.463455677032471
2024-09-30 02:38:51,369 - INFO - Epoch 5/25, Batch 32000/45872, Loss: -4.7789106369018555
2024-09-30 02:38:52,400 - INFO - Epoch 5/25, Batch 33280/45872, Loss: -4.490272521972656
2024-09-30 02:38:53,260 - INFO - Epoch 5/25, Batch 34560/45872, Loss: -4.1234235763549805
2024-09-30 02:38:54,348 - INFO - Epoch 5/25, Batch 35840/45872, Loss: -4.657047271728516
2024-09-30 02:38:55,389 - INFO - Epoch 5/25, Batch 37120/45872, Loss: -5.060612678527832
2024-09-30 02:38:56,398 - INFO - Epoch 5/25, Batch 38400/45872, Loss: -4.579034328460693
2024-09-30 02:38:57,363 - INFO - Epoch 5/25, Batch 39680/45872, Loss: -4.528406143188477
2024-09-30 02:38:58,547 - INFO - Epoch 5/25, Batch 40960/45872, Loss: -4.897150993347168
2024-09-30 02:38:59,624 - INFO - Epoch 5/25, Batch 42240/45872, Loss: -5.77583122253418
2024-09-30 02:39:00,680 - INFO - Epoch 5/25, Batch 43520/45872, Loss: -5.546217441558838
2024-09-30 02:39:01,660 - INFO - Epoch 5/25, Batch 44800/45872, Loss: -4.683658599853516
2024-09-30 02:39:02,457 - INFO - End of epoch 5/25, Average Loss: -4.4443
2024-09-30 02:39:02,457 - INFO - Starting validation...
2024-09-30 02:39:58,053 - INFO - Validation completed. Total Correct: 194403, Total Tags: 219188, Validation Accuracy: 88.69%
2024-09-30 02:39:58,053 - INFO - No improvement. Patience counter: 1/5
2024-09-30 02:39:58,053 - INFO - Starting epoch 6/25
2024-09-30 02:39:58,176 - INFO - Epoch 6/25, Batch 0/45872, Loss: -5.440764427185059
2024-09-30 02:39:59,199 - INFO - Epoch 6/25, Batch 1280/45872, Loss: -4.9805169105529785
2024-09-30 02:40:00,104 - INFO - Epoch 6/25, Batch 2560/45872, Loss: -5.271054267883301
2024-09-30 02:40:00,956 - INFO - Epoch 6/25, Batch 3840/45872, Loss: -5.650359630584717
2024-09-30 02:40:01,824 - INFO - Epoch 6/25, Batch 5120/45872, Loss: -5.514763832092285
2024-09-30 02:40:02,745 - INFO - Epoch 6/25, Batch 6400/45872, Loss: -4.92267370223999
2024-09-30 02:40:03,835 - INFO - Epoch 6/25, Batch 7680/45872, Loss: -5.1556501388549805
2024-09-30 02:40:04,932 - INFO - Epoch 6/25, Batch 8960/45872, Loss: -5.521099090576172
2024-09-30 02:40:05,894 - INFO - Epoch 6/25, Batch 10240/45872, Loss: -5.504138946533203
2024-09-30 02:40:06,864 - INFO - Epoch 6/25, Batch 11520/45872, Loss: -5.648828029632568
2024-09-30 02:40:07,920 - INFO - Epoch 6/25, Batch 12800/45872, Loss: -6.12131404876709
2024-09-30 02:40:08,829 - INFO - Epoch 6/25, Batch 14080/45872, Loss: -5.377381801605225
2024-09-30 02:40:09,773 - INFO - Epoch 6/25, Batch 15360/45872, Loss: -4.562017440795898
2024-09-30 02:40:10,646 - INFO - Epoch 6/25, Batch 16640/45872, Loss: -5.305183410644531
2024-09-30 02:40:11,747 - INFO - Epoch 6/25, Batch 17920/45872, Loss: -5.915518283843994
2024-09-30 02:40:12,752 - INFO - Epoch 6/25, Batch 19200/45872, Loss: -5.21346378326416
2024-09-30 02:40:13,833 - INFO - Epoch 6/25, Batch 20480/45872, Loss: -6.465166091918945
2024-09-30 02:40:14,659 - INFO - Epoch 6/25, Batch 21760/45872, Loss: -5.773471832275391
2024-09-30 02:40:15,627 - INFO - Epoch 6/25, Batch 23040/45872, Loss: -6.092999458312988
2024-09-30 02:40:16,530 - INFO - Epoch 6/25, Batch 24320/45872, Loss: -6.611072540283203
2024-09-30 02:40:17,421 - INFO - Epoch 6/25, Batch 25600/45872, Loss: -5.944195747375488
2024-09-30 02:40:18,407 - INFO - Epoch 6/25, Batch 26880/45872, Loss: -5.101096153259277
2024-09-30 02:40:19,303 - INFO - Epoch 6/25, Batch 28160/45872, Loss: -6.012197494506836
2024-09-30 02:40:20,405 - INFO - Epoch 6/25, Batch 29440/45872, Loss: -6.405300140380859
2024-09-30 02:40:21,377 - INFO - Epoch 6/25, Batch 30720/45872, Loss: -5.674204349517822
2024-09-30 02:40:22,262 - INFO - Epoch 6/25, Batch 32000/45872, Loss: -6.001194953918457
2024-09-30 02:40:23,376 - INFO - Epoch 6/25, Batch 33280/45872, Loss: -5.655361652374268
2024-09-30 02:40:24,276 - INFO - Epoch 6/25, Batch 34560/45872, Loss: -5.145649433135986
2024-09-30 02:40:25,358 - INFO - Epoch 6/25, Batch 35840/45872, Loss: -5.806216239929199
2024-09-30 02:40:26,430 - INFO - Epoch 6/25, Batch 37120/45872, Loss: -6.243671417236328
2024-09-30 02:40:27,448 - INFO - Epoch 6/25, Batch 38400/45872, Loss: -5.620818138122559
2024-09-30 02:40:28,408 - INFO - Epoch 6/25, Batch 39680/45872, Loss: -5.60671329498291
2024-09-30 02:40:29,564 - INFO - Epoch 6/25, Batch 40960/45872, Loss: -6.115352153778076
2024-09-30 02:40:30,666 - INFO - Epoch 6/25, Batch 42240/45872, Loss: -7.224630832672119
2024-09-30 02:40:31,730 - INFO - Epoch 6/25, Batch 43520/45872, Loss: -6.9374470710754395
2024-09-30 02:40:32,660 - INFO - Epoch 6/25, Batch 44800/45872, Loss: -5.8962860107421875
2024-09-30 02:40:33,481 - INFO - End of epoch 6/25, Average Loss: -5.6751
2024-09-30 02:40:33,481 - INFO - Starting validation...
2024-09-30 02:41:28,965 - INFO - Validation completed. Total Correct: 194797, Total Tags: 219188, Validation Accuracy: 88.87%
2024-09-30 02:41:29,051 - INFO - New best model saved with accuracy: 88.87%
2024-09-30 02:41:29,051 - INFO - Starting epoch 7/25
2024-09-30 02:41:29,134 - INFO - Epoch 7/25, Batch 0/45872, Loss: -6.6976423263549805
2024-09-30 02:41:30,074 - INFO - Epoch 7/25, Batch 1280/45872, Loss: -6.097383975982666
2024-09-30 02:41:30,975 - INFO - Epoch 7/25, Batch 2560/45872, Loss: -6.475769996643066
2024-09-30 02:41:31,835 - INFO - Epoch 7/25, Batch 3840/45872, Loss: -6.968228340148926
2024-09-30 02:41:32,707 - INFO - Epoch 7/25, Batch 5120/45872, Loss: -6.716060161590576
2024-09-30 02:41:33,626 - INFO - Epoch 7/25, Batch 6400/45872, Loss: -6.014387130737305
2024-09-30 02:41:34,710 - INFO - Epoch 7/25, Batch 7680/45872, Loss: -6.299392223358154
2024-09-30 02:41:35,795 - INFO - Epoch 7/25, Batch 8960/45872, Loss: -6.662960052490234
2024-09-30 02:41:36,754 - INFO - Epoch 7/25, Batch 10240/45872, Loss: -6.743050575256348
2024-09-30 02:41:37,693 - INFO - Epoch 7/25, Batch 11520/45872, Loss: -6.847427845001221
2024-09-30 02:41:38,770 - INFO - Epoch 7/25, Batch 12800/45872, Loss: -7.408597946166992
2024-09-30 02:41:39,680 - INFO - Epoch 7/25, Batch 14080/45872, Loss: -6.453055381774902
2024-09-30 02:41:40,610 - INFO - Epoch 7/25, Batch 15360/45872, Loss: -5.522251605987549
2024-09-30 02:41:41,465 - INFO - Epoch 7/25, Batch 16640/45872, Loss: -6.422809600830078
2024-09-30 02:41:42,546 - INFO - Epoch 7/25, Batch 17920/45872, Loss: -7.129110336303711
2024-09-30 02:41:43,531 - INFO - Epoch 7/25, Batch 19200/45872, Loss: -6.290279865264893
2024-09-30 02:41:44,583 - INFO - Epoch 7/25, Batch 20480/45872, Loss: -7.779682636260986
2024-09-30 02:41:45,396 - INFO - Epoch 7/25, Batch 21760/45872, Loss: -6.912953853607178
2024-09-30 02:41:46,360 - INFO - Epoch 7/25, Batch 23040/45872, Loss: -7.30317497253418
2024-09-30 02:41:47,270 - INFO - Epoch 7/25, Batch 24320/45872, Loss: -7.924744606018066
2024-09-30 02:41:48,158 - INFO - Epoch 7/25, Batch 25600/45872, Loss: -7.122720718383789
2024-09-30 02:41:49,168 - INFO - Epoch 7/25, Batch 26880/45872, Loss: -6.108820915222168
2024-09-30 02:41:50,032 - INFO - Epoch 7/25, Batch 28160/45872, Loss: -7.234142780303955
2024-09-30 02:41:51,054 - INFO - Epoch 7/25, Batch 29440/45872, Loss: -7.637810707092285
2024-09-30 02:41:52,024 - INFO - Epoch 7/25, Batch 30720/45872, Loss: -6.801393032073975
2024-09-30 02:41:52,936 - INFO - Epoch 7/25, Batch 32000/45872, Loss: -7.142877101898193
2024-09-30 02:41:53,985 - INFO - Epoch 7/25, Batch 33280/45872, Loss: -6.722530364990234
2024-09-30 02:41:54,872 - INFO - Epoch 7/25, Batch 34560/45872, Loss: -6.168097972869873
2024-09-30 02:41:55,979 - INFO - Epoch 7/25, Batch 35840/45872, Loss: -6.972959041595459
2024-09-30 02:41:57,047 - INFO - Epoch 7/25, Batch 37120/45872, Loss: -7.444299697875977
2024-09-30 02:41:58,053 - INFO - Epoch 7/25, Batch 38400/45872, Loss: -6.656323432922363
2024-09-30 02:41:59,025 - INFO - Epoch 7/25, Batch 39680/45872, Loss: -6.639198303222656
2024-09-30 02:42:00,180 - INFO - Epoch 7/25, Batch 40960/45872, Loss: -7.224711894989014
2024-09-30 02:42:01,288 - INFO - Epoch 7/25, Batch 42240/45872, Loss: -8.531347274780273
2024-09-30 02:42:02,309 - INFO - Epoch 7/25, Batch 43520/45872, Loss: -8.200077056884766
2024-09-30 02:42:03,268 - INFO - Epoch 7/25, Batch 44800/45872, Loss: -6.956472396850586
2024-09-30 02:42:04,065 - INFO - End of epoch 7/25, Average Loss: -6.8265
2024-09-30 02:42:04,065 - INFO - Starting validation...
2024-09-30 02:42:59,276 - INFO - Validation completed. Total Correct: 194813, Total Tags: 219188, Validation Accuracy: 88.88%
2024-09-30 02:42:59,359 - INFO - New best model saved with accuracy: 88.88%
2024-09-30 02:42:59,359 - INFO - Starting epoch 8/25
2024-09-30 02:42:59,436 - INFO - Epoch 8/25, Batch 0/45872, Loss: -7.895136833190918
2024-09-30 02:43:00,360 - INFO - Epoch 8/25, Batch 1280/45872, Loss: -7.185217380523682
2024-09-30 02:43:01,274 - INFO - Epoch 8/25, Batch 2560/45872, Loss: -7.597034454345703
2024-09-30 02:43:02,134 - INFO - Epoch 8/25, Batch 3840/45872, Loss: -8.210592269897461
2024-09-30 02:43:03,002 - INFO - Epoch 8/25, Batch 5120/45872, Loss: -7.920279026031494
2024-09-30 02:43:03,940 - INFO - Epoch 8/25, Batch 6400/45872, Loss: -7.0652875900268555
2024-09-30 02:43:05,041 - INFO - Epoch 8/25, Batch 7680/45872, Loss: -7.412923812866211
2024-09-30 02:43:06,127 - INFO - Epoch 8/25, Batch 8960/45872, Loss: -7.834005355834961
2024-09-30 02:43:07,108 - INFO - Epoch 8/25, Batch 10240/45872, Loss: -7.912994861602783
2024-09-30 02:43:08,034 - INFO - Epoch 8/25, Batch 11520/45872, Loss: -8.010366439819336
2024-09-30 02:43:09,086 - INFO - Epoch 8/25, Batch 12800/45872, Loss: -8.645038604736328
2024-09-30 02:43:10,003 - INFO - Epoch 8/25, Batch 14080/45872, Loss: -7.54026985168457
2024-09-30 02:43:10,943 - INFO - Epoch 8/25, Batch 15360/45872, Loss: -6.442844867706299
2024-09-30 02:43:11,811 - INFO - Epoch 8/25, Batch 16640/45872, Loss: -7.4881439208984375
2024-09-30 02:43:12,912 - INFO - Epoch 8/25, Batch 17920/45872, Loss: -8.34006404876709
2024-09-30 02:43:13,974 - INFO - Epoch 8/25, Batch 19200/45872, Loss: -7.3393473625183105
2024-09-30 02:43:15,020 - INFO - Epoch 8/25, Batch 20480/45872, Loss: -9.076536178588867
2024-09-30 02:43:15,862 - INFO - Epoch 8/25, Batch 21760/45872, Loss: -8.034671783447266
2024-09-30 02:43:16,817 - INFO - Epoch 8/25, Batch 23040/45872, Loss: -8.562286376953125
2024-09-30 02:43:17,753 - INFO - Epoch 8/25, Batch 24320/45872, Loss: -9.2001953125
2024-09-30 02:43:18,642 - INFO - Epoch 8/25, Batch 25600/45872, Loss: -8.253582000732422
2024-09-30 02:43:19,626 - INFO - Epoch 8/25, Batch 26880/45872, Loss: -7.094910621643066
2024-09-30 02:43:20,546 - INFO - Epoch 8/25, Batch 28160/45872, Loss: -8.417734146118164
2024-09-30 02:43:21,604 - INFO - Epoch 8/25, Batch 29440/45872, Loss: -8.860791206359863
2024-09-30 02:43:22,605 - INFO - Epoch 8/25, Batch 30720/45872, Loss: -7.874935150146484
2024-09-30 02:43:23,511 - INFO - Epoch 8/25, Batch 32000/45872, Loss: -8.250192642211914
2024-09-30 02:43:24,553 - INFO - Epoch 8/25, Batch 33280/45872, Loss: -7.770606994628906
2024-09-30 02:43:25,418 - INFO - Epoch 8/25, Batch 34560/45872, Loss: -7.147846221923828
2024-09-30 02:43:26,515 - INFO - Epoch 8/25, Batch 35840/45872, Loss: -8.030160903930664
2024-09-30 02:43:27,598 - INFO - Epoch 8/25, Batch 37120/45872, Loss: -8.590909957885742
2024-09-30 02:43:28,623 - INFO - Epoch 8/25, Batch 38400/45872, Loss: -7.689382076263428
2024-09-30 02:43:29,574 - INFO - Epoch 8/25, Batch 39680/45872, Loss: -7.673775672912598
2024-09-30 02:43:30,809 - INFO - Epoch 8/25, Batch 40960/45872, Loss: -8.355052947998047
2024-09-30 02:43:31,903 - INFO - Epoch 8/25, Batch 42240/45872, Loss: -9.854527473449707
2024-09-30 02:43:32,937 - INFO - Epoch 8/25, Batch 43520/45872, Loss: -9.459877014160156
2024-09-30 02:43:33,897 - INFO - Epoch 8/25, Batch 44800/45872, Loss: -8.00996208190918
2024-09-30 02:43:34,682 - INFO - End of epoch 8/25, Average Loss: -7.9463
2024-09-30 02:43:34,686 - INFO - Starting validation...
2024-09-30 02:44:29,746 - INFO - Validation completed. Total Correct: 194864, Total Tags: 219188, Validation Accuracy: 88.90%
2024-09-30 02:44:29,833 - INFO - New best model saved with accuracy: 88.90%
2024-09-30 02:44:29,833 - INFO - Starting epoch 9/25
2024-09-30 02:44:29,916 - INFO - Epoch 9/25, Batch 0/45872, Loss: -9.060358047485352
2024-09-30 02:44:30,860 - INFO - Epoch 9/25, Batch 1280/45872, Loss: -8.315827369689941
2024-09-30 02:44:31,744 - INFO - Epoch 9/25, Batch 2560/45872, Loss: -8.709442138671875
2024-09-30 02:44:32,608 - INFO - Epoch 9/25, Batch 3840/45872, Loss: -9.402006149291992
2024-09-30 02:44:33,497 - INFO - Epoch 9/25, Batch 5120/45872, Loss: -9.067413330078125
2024-09-30 02:44:34,398 - INFO - Epoch 9/25, Batch 6400/45872, Loss: -8.09622859954834
2024-09-30 02:44:35,471 - INFO - Epoch 9/25, Batch 7680/45872, Loss: -8.52576732635498
2024-09-30 02:44:36,553 - INFO - Epoch 9/25, Batch 8960/45872, Loss: -8.986368179321289
2024-09-30 02:44:37,507 - INFO - Epoch 9/25, Batch 10240/45872, Loss: -9.071004867553711
2024-09-30 02:44:38,454 - INFO - Epoch 9/25, Batch 11520/45872, Loss: -9.178682327270508
2024-09-30 02:44:39,510 - INFO - Epoch 9/25, Batch 12800/45872, Loss: -9.876015663146973
2024-09-30 02:44:40,418 - INFO - Epoch 9/25, Batch 14080/45872, Loss: -8.612865447998047
2024-09-30 02:44:41,363 - INFO - Epoch 9/25, Batch 15360/45872, Loss: -7.393854141235352
2024-09-30 02:44:42,241 - INFO - Epoch 9/25, Batch 16640/45872, Loss: -8.56794548034668
2024-09-30 02:44:43,311 - INFO - Epoch 9/25, Batch 17920/45872, Loss: -9.530021667480469
2024-09-30 02:44:44,321 - INFO - Epoch 9/25, Batch 19200/45872, Loss: -8.37338638305664
2024-09-30 02:44:45,340 - INFO - Epoch 9/25, Batch 20480/45872, Loss: -10.380471229553223
2024-09-30 02:44:46,155 - INFO - Epoch 9/25, Batch 21760/45872, Loss: -9.169747352600098
2024-09-30 02:44:47,146 - INFO - Epoch 9/25, Batch 23040/45872, Loss: -9.764375686645508
2024-09-30 02:44:48,060 - INFO - Epoch 9/25, Batch 24320/45872, Loss: -10.476896286010742
2024-09-30 02:44:48,970 - INFO - Epoch 9/25, Batch 25600/45872, Loss: -9.401135444641113
2024-09-30 02:44:50,013 - INFO - Epoch 9/25, Batch 26880/45872, Loss: -8.065814971923828
2024-09-30 02:44:50,899 - INFO - Epoch 9/25, Batch 28160/45872, Loss: -9.558097839355469
2024-09-30 02:44:51,999 - INFO - Epoch 9/25, Batch 29440/45872, Loss: -10.040855407714844
2024-09-30 02:44:53,005 - INFO - Epoch 9/25, Batch 30720/45872, Loss: -8.945575714111328
2024-09-30 02:44:53,902 - INFO - Epoch 9/25, Batch 32000/45872, Loss: -9.368833541870117
2024-09-30 02:44:54,927 - INFO - Epoch 9/25, Batch 33280/45872, Loss: -8.818435668945312
2024-09-30 02:44:55,805 - INFO - Epoch 9/25, Batch 34560/45872, Loss: -8.099088668823242
2024-09-30 02:44:56,936 - INFO - Epoch 9/25, Batch 35840/45872, Loss: -9.105537414550781
2024-09-30 02:44:58,004 - INFO - Epoch 9/25, Batch 37120/45872, Loss: -9.725484848022461
2024-09-30 02:44:58,959 - INFO - Epoch 9/25, Batch 38400/45872, Loss: -8.70750617980957
2024-09-30 02:44:59,961 - INFO - Epoch 9/25, Batch 39680/45872, Loss: -8.651131629943848
2024-09-30 02:45:01,138 - INFO - Epoch 9/25, Batch 40960/45872, Loss: -9.447540283203125
2024-09-30 02:45:02,252 - INFO - Epoch 9/25, Batch 42240/45872, Loss: -11.14284610748291
2024-09-30 02:45:03,341 - INFO - Epoch 9/25, Batch 43520/45872, Loss: -10.693294525146484
2024-09-30 02:45:04,288 - INFO - Epoch 9/25, Batch 44800/45872, Loss: -9.058853149414062
2024-09-30 02:45:05,114 - INFO - End of epoch 9/25, Average Loss: -9.0568
2024-09-30 02:45:05,114 - INFO - Starting validation...
2024-09-30 02:46:00,946 - INFO - Validation completed. Total Correct: 194980, Total Tags: 219188, Validation Accuracy: 88.96%
2024-09-30 02:46:01,030 - INFO - New best model saved with accuracy: 88.96%
2024-09-30 02:46:01,030 - INFO - Starting epoch 10/25
2024-09-30 02:46:01,104 - INFO - Epoch 10/25, Batch 0/45872, Loss: -10.247915267944336
2024-09-30 02:46:02,060 - INFO - Epoch 10/25, Batch 1280/45872, Loss: -9.398343086242676
2024-09-30 02:46:02,954 - INFO - Epoch 10/25, Batch 2560/45872, Loss: -9.821805953979492
2024-09-30 02:46:03,846 - INFO - Epoch 10/25, Batch 3840/45872, Loss: -10.609291076660156
2024-09-30 02:46:04,718 - INFO - Epoch 10/25, Batch 5120/45872, Loss: -10.223217964172363
2024-09-30 02:46:05,649 - INFO - Epoch 10/25, Batch 6400/45872, Loss: -9.116983413696289
2024-09-30 02:46:06,792 - INFO - Epoch 10/25, Batch 7680/45872, Loss: -9.595992088317871
2024-09-30 02:46:07,919 - INFO - Epoch 10/25, Batch 8960/45872, Loss: -10.119272232055664
2024-09-30 02:46:08,870 - INFO - Epoch 10/25, Batch 10240/45872, Loss: -10.208181381225586
2024-09-30 02:46:09,847 - INFO - Epoch 10/25, Batch 11520/45872, Loss: -10.32730484008789
2024-09-30 02:46:10,894 - INFO - Epoch 10/25, Batch 12800/45872, Loss: -11.106893539428711
2024-09-30 02:46:11,802 - INFO - Epoch 10/25, Batch 14080/45872, Loss: -9.695064544677734
2024-09-30 02:46:12,755 - INFO - Epoch 10/25, Batch 15360/45872, Loss: -8.331684112548828
2024-09-30 02:46:13,606 - INFO - Epoch 10/25, Batch 16640/45872, Loss: -9.626890182495117
2024-09-30 02:46:14,704 - INFO - Epoch 10/25, Batch 17920/45872, Loss: -10.713281631469727
2024-09-30 02:46:15,730 - INFO - Epoch 10/25, Batch 19200/45872, Loss: -9.41256332397461
2024-09-30 02:46:16,763 - INFO - Epoch 10/25, Batch 20480/45872, Loss: -11.67250919342041
2024-09-30 02:46:17,604 - INFO - Epoch 10/25, Batch 21760/45872, Loss: -10.283504486083984
2024-09-30 02:46:18,580 - INFO - Epoch 10/25, Batch 23040/45872, Loss: -10.929354667663574
2024-09-30 02:46:19,478 - INFO - Epoch 10/25, Batch 24320/45872, Loss: -11.742216110229492
2024-09-30 02:46:20,312 - INFO - Epoch 10/25, Batch 25600/45872, Loss: -10.529707908630371
2024-09-30 02:46:21,293 - INFO - Epoch 10/25, Batch 26880/45872, Loss: -9.038270950317383
2024-09-30 02:46:22,169 - INFO - Epoch 10/25, Batch 28160/45872, Loss: -10.709440231323242
2024-09-30 02:46:23,229 - INFO - Epoch 10/25, Batch 29440/45872, Loss: -11.246864318847656
2024-09-30 02:46:24,189 - INFO - Epoch 10/25, Batch 30720/45872, Loss: -10.006025314331055
2024-09-30 02:46:25,057 - INFO - Epoch 10/25, Batch 32000/45872, Loss: -10.475970268249512
2024-09-30 02:46:26,112 - INFO - Epoch 10/25, Batch 33280/45872, Loss: -9.860050201416016
2024-09-30 02:46:26,984 - INFO - Epoch 10/25, Batch 34560/45872, Loss: -9.049517631530762
2024-09-30 02:46:28,073 - INFO - Epoch 10/25, Batch 35840/45872, Loss: -10.168701171875
2024-09-30 02:46:29,129 - INFO - Epoch 10/25, Batch 37120/45872, Loss: -10.85959243774414
2024-09-30 02:46:30,135 - INFO - Epoch 10/25, Batch 38400/45872, Loss: -9.718154907226562
2024-09-30 02:46:31,136 - INFO - Epoch 10/25, Batch 39680/45872, Loss: -9.666826248168945
2024-09-30 02:46:32,296 - INFO - Epoch 10/25, Batch 40960/45872, Loss: -10.544123649597168
2024-09-30 02:46:33,385 - INFO - Epoch 10/25, Batch 42240/45872, Loss: -12.428864479064941
2024-09-30 02:46:34,458 - INFO - Epoch 10/25, Batch 43520/45872, Loss: -11.930477142333984
2024-09-30 02:46:35,413 - INFO - Epoch 10/25, Batch 44800/45872, Loss: -10.100765228271484
2024-09-30 02:46:36,215 - INFO - End of epoch 10/25, Average Loss: -10.1572
2024-09-30 02:46:36,215 - INFO - Starting validation...
2024-09-30 02:47:31,352 - INFO - Validation completed. Total Correct: 194940, Total Tags: 219188, Validation Accuracy: 88.94%
2024-09-30 02:47:31,352 - INFO - No improvement. Patience counter: 1/5
2024-09-30 02:47:31,352 - INFO - Starting epoch 11/25
2024-09-30 02:47:31,481 - INFO - Epoch 11/25, Batch 0/45872, Loss: -11.413883209228516
2024-09-30 02:47:32,443 - INFO - Epoch 11/25, Batch 1280/45872, Loss: -10.479976654052734
2024-09-30 02:47:33,357 - INFO - Epoch 11/25, Batch 2560/45872, Loss: -10.929763793945312
2024-09-30 02:47:34,225 - INFO - Epoch 11/25, Batch 3840/45872, Loss: -11.812126159667969
2024-09-30 02:47:35,118 - INFO - Epoch 11/25, Batch 5120/45872, Loss: -11.381132125854492
2024-09-30 02:47:36,027 - INFO - Epoch 11/25, Batch 6400/45872, Loss: -10.14795970916748
2024-09-30 02:47:37,150 - INFO - Epoch 11/25, Batch 7680/45872, Loss: -10.683984756469727
2024-09-30 02:47:38,327 - INFO - Epoch 11/25, Batch 8960/45872, Loss: -11.24869155883789
2024-09-30 02:47:39,311 - INFO - Epoch 11/25, Batch 10240/45872, Loss: -11.351977348327637
2024-09-30 02:47:40,227 - INFO - Epoch 11/25, Batch 11520/45872, Loss: -11.473991394042969
2024-09-30 02:47:41,289 - INFO - Epoch 11/25, Batch 12800/45872, Loss: -12.329730987548828
2024-09-30 02:47:42,203 - INFO - Epoch 11/25, Batch 14080/45872, Loss: -10.763179779052734
2024-09-30 02:47:43,142 - INFO - Epoch 11/25, Batch 15360/45872, Loss: -9.227813720703125
2024-09-30 02:47:44,014 - INFO - Epoch 11/25, Batch 16640/45872, Loss: -10.687248229980469
2024-09-30 02:47:45,141 - INFO - Epoch 11/25, Batch 17920/45872, Loss: -11.893983840942383
2024-09-30 02:47:46,125 - INFO - Epoch 11/25, Batch 19200/45872, Loss: -10.439126014709473
2024-09-30 02:47:47,185 - INFO - Epoch 11/25, Batch 20480/45872, Loss: -12.946218490600586
2024-09-30 02:47:47,995 - INFO - Epoch 11/25, Batch 21760/45872, Loss: -11.392203330993652
2024-09-30 02:47:48,971 - INFO - Epoch 11/25, Batch 23040/45872, Loss: -12.118839263916016
2024-09-30 02:47:49,885 - INFO - Epoch 11/25, Batch 24320/45872, Loss: -13.009732246398926
2024-09-30 02:47:50,761 - INFO - Epoch 11/25, Batch 25600/45872, Loss: -11.649435043334961
2024-09-30 02:47:51,735 - INFO - Epoch 11/25, Batch 26880/45872, Loss: -10.005273818969727
2024-09-30 02:47:52,627 - INFO - Epoch 11/25, Batch 28160/45872, Loss: -11.892736434936523
2024-09-30 02:47:53,666 - INFO - Epoch 11/25, Batch 29440/45872, Loss: -12.434372901916504
2024-09-30 02:47:54,638 - INFO - Epoch 11/25, Batch 30720/45872, Loss: -11.059550285339355
2024-09-30 02:47:55,531 - INFO - Epoch 11/25, Batch 32000/45872, Loss: -11.581218719482422
2024-09-30 02:47:56,577 - INFO - Epoch 11/25, Batch 33280/45872, Loss: -10.902259826660156
2024-09-30 02:47:57,442 - INFO - Epoch 11/25, Batch 34560/45872, Loss: -9.998373985290527
2024-09-30 02:47:58,552 - INFO - Epoch 11/25, Batch 35840/45872, Loss: -11.226950645446777
2024-09-30 02:47:59,629 - INFO - Epoch 11/25, Batch 37120/45872, Loss: -11.989786148071289
2024-09-30 02:48:00,651 - INFO - Epoch 11/25, Batch 38400/45872, Loss: -10.725509643554688
2024-09-30 02:48:01,644 - INFO - Epoch 11/25, Batch 39680/45872, Loss: -10.690545082092285
2024-09-30 02:48:02,883 - INFO - Epoch 11/25, Batch 40960/45872, Loss: -11.641873359680176
2024-09-30 02:48:03,964 - INFO - Epoch 11/25, Batch 42240/45872, Loss: -13.713244438171387
2024-09-30 02:48:05,049 - INFO - Epoch 11/25, Batch 43520/45872, Loss: -13.15932846069336
2024-09-30 02:48:06,013 - INFO - Epoch 11/25, Batch 44800/45872, Loss: -11.131902694702148
2024-09-30 02:48:06,822 - INFO - End of epoch 11/25, Average Loss: -11.2540
2024-09-30 02:48:06,822 - INFO - Starting validation...
2024-09-30 02:49:01,961 - INFO - Validation completed. Total Correct: 194952, Total Tags: 219188, Validation Accuracy: 88.94%
2024-09-30 02:49:01,961 - INFO - No improvement. Patience counter: 2/5
2024-09-30 02:49:01,961 - INFO - Starting epoch 12/25
2024-09-30 02:49:02,100 - INFO - Epoch 12/25, Batch 0/45872, Loss: -12.579580307006836
2024-09-30 02:49:03,143 - INFO - Epoch 12/25, Batch 1280/45872, Loss: -11.552799224853516
2024-09-30 02:49:04,019 - INFO - Epoch 12/25, Batch 2560/45872, Loss: -12.033520698547363
2024-09-30 02:49:04,864 - INFO - Epoch 12/25, Batch 3840/45872, Loss: -13.005271911621094
2024-09-30 02:49:05,737 - INFO - Epoch 12/25, Batch 5120/45872, Loss: -12.553081512451172
2024-09-30 02:49:06,681 - INFO - Epoch 12/25, Batch 6400/45872, Loss: -11.1697416305542
2024-09-30 02:49:07,745 - INFO - Epoch 12/25, Batch 7680/45872, Loss: -11.760515213012695
2024-09-30 02:49:08,872 - INFO - Epoch 12/25, Batch 8960/45872, Loss: -12.375328063964844
2024-09-30 02:49:09,836 - INFO - Epoch 12/25, Batch 10240/45872, Loss: -12.490230560302734
2024-09-30 02:49:10,779 - INFO - Epoch 12/25, Batch 11520/45872, Loss: -12.60019302368164
2024-09-30 02:49:11,851 - INFO - Epoch 12/25, Batch 12800/45872, Loss: -13.550835609436035
2024-09-30 02:49:12,773 - INFO - Epoch 12/25, Batch 14080/45872, Loss: -11.812804222106934
2024-09-30 02:49:13,704 - INFO - Epoch 12/25, Batch 15360/45872, Loss: -10.171282768249512
2024-09-30 02:49:14,609 - INFO - Epoch 12/25, Batch 16640/45872, Loss: -11.743581771850586
2024-09-30 02:49:15,690 - INFO - Epoch 12/25, Batch 17920/45872, Loss: -13.073908805847168
2024-09-30 02:49:16,637 - INFO - Epoch 12/25, Batch 19200/45872, Loss: -11.469049453735352
2024-09-30 02:49:17,685 - INFO - Epoch 12/25, Batch 20480/45872, Loss: -14.249380111694336
2024-09-30 02:49:18,549 - INFO - Epoch 12/25, Batch 21760/45872, Loss: -12.495607376098633
2024-09-30 02:49:19,520 - INFO - Epoch 12/25, Batch 23040/45872, Loss: -13.294170379638672
2024-09-30 02:49:20,447 - INFO - Epoch 12/25, Batch 24320/45872, Loss: -14.271500587463379
2024-09-30 02:49:21,378 - INFO - Epoch 12/25, Batch 25600/45872, Loss: -12.791231155395508
2024-09-30 02:49:22,342 - INFO - Epoch 12/25, Batch 26880/45872, Loss: -10.970121383666992
2024-09-30 02:49:23,243 - INFO - Epoch 12/25, Batch 28160/45872, Loss: -13.030153274536133
2024-09-30 02:49:24,278 - INFO - Epoch 12/25, Batch 29440/45872, Loss: -13.625091552734375
2024-09-30 02:49:25,233 - INFO - Epoch 12/25, Batch 30720/45872, Loss: -12.126367568969727
2024-09-30 02:49:26,126 - INFO - Epoch 12/25, Batch 32000/45872, Loss: -12.689043998718262
2024-09-30 02:49:27,228 - INFO - Epoch 12/25, Batch 33280/45872, Loss: -11.940662384033203
2024-09-30 02:49:28,104 - INFO - Epoch 12/25, Batch 34560/45872, Loss: -10.942173957824707
2024-09-30 02:49:29,203 - INFO - Epoch 12/25, Batch 35840/45872, Loss: -12.25417709350586
2024-09-30 02:49:30,287 - INFO - Epoch 12/25, Batch 37120/45872, Loss: -13.107680320739746
2024-09-30 02:49:31,296 - INFO - Epoch 12/25, Batch 38400/45872, Loss: -11.733247756958008
2024-09-30 02:49:32,260 - INFO - Epoch 12/25, Batch 39680/45872, Loss: -11.690940856933594
2024-09-30 02:49:33,404 - INFO - Epoch 12/25, Batch 40960/45872, Loss: -12.723312377929688
2024-09-30 02:49:34,497 - INFO - Epoch 12/25, Batch 42240/45872, Loss: -14.979934692382812
2024-09-30 02:49:35,561 - INFO - Epoch 12/25, Batch 43520/45872, Loss: -14.354957580566406
2024-09-30 02:49:36,508 - INFO - Epoch 12/25, Batch 44800/45872, Loss: -12.174537658691406
2024-09-30 02:49:37,330 - INFO - End of epoch 12/25, Average Loss: -12.3446
2024-09-30 02:49:37,330 - INFO - Starting validation...
2024-09-30 02:50:31,691 - INFO - Validation completed. Total Correct: 194745, Total Tags: 219188, Validation Accuracy: 88.85%
2024-09-30 02:50:31,691 - INFO - No improvement. Patience counter: 3/5
2024-09-30 02:50:31,691 - INFO - Starting epoch 13/25
2024-09-30 02:50:31,817 - INFO - Epoch 13/25, Batch 0/45872, Loss: -13.737071990966797
2024-09-30 02:50:32,816 - INFO - Epoch 13/25, Batch 1280/45872, Loss: -12.616941452026367
2024-09-30 02:50:33,751 - INFO - Epoch 13/25, Batch 2560/45872, Loss: -13.107596397399902
2024-09-30 02:50:34,623 - INFO - Epoch 13/25, Batch 3840/45872, Loss: -14.17671012878418
2024-09-30 02:50:35,502 - INFO - Epoch 13/25, Batch 5120/45872, Loss: -13.672536849975586
2024-09-30 02:50:36,421 - INFO - Epoch 13/25, Batch 6400/45872, Loss: -12.187751770019531
2024-09-30 02:50:37,499 - INFO - Epoch 13/25, Batch 7680/45872, Loss: -12.765681266784668
2024-09-30 02:50:38,633 - INFO - Epoch 13/25, Batch 8960/45872, Loss: -13.43583869934082
2024-09-30 02:50:39,617 - INFO - Epoch 13/25, Batch 10240/45872, Loss: -13.597437858581543
2024-09-30 02:50:40,540 - INFO - Epoch 13/25, Batch 11520/45872, Loss: -13.716928482055664
2024-09-30 02:50:41,604 - INFO - Epoch 13/25, Batch 12800/45872, Loss: -14.71272087097168
2024-09-30 02:50:42,522 - INFO - Epoch 13/25, Batch 14080/45872, Loss: -12.877065658569336
2024-09-30 02:50:43,444 - INFO - Epoch 13/25, Batch 15360/45872, Loss: -11.008007049560547
2024-09-30 02:50:44,354 - INFO - Epoch 13/25, Batch 16640/45872, Loss: -12.736078262329102
2024-09-30 02:50:45,468 - INFO - Epoch 13/25, Batch 17920/45872, Loss: -14.142373085021973
2024-09-30 02:50:46,457 - INFO - Epoch 13/25, Batch 19200/45872, Loss: -12.321505546569824
2024-09-30 02:50:47,462 - INFO - Epoch 13/25, Batch 20480/45872, Loss: -15.27235221862793
2024-09-30 02:50:48,309 - INFO - Epoch 13/25, Batch 21760/45872, Loss: -13.317639350891113
2024-09-30 02:50:49,273 - INFO - Epoch 13/25, Batch 23040/45872, Loss: -14.241291046142578
2024-09-30 02:50:50,171 - INFO - Epoch 13/25, Batch 24320/45872, Loss: -15.394229888916016
2024-09-30 02:50:51,063 - INFO - Epoch 13/25, Batch 25600/45872, Loss: -13.68911361694336
2024-09-30 02:50:52,055 - INFO - Epoch 13/25, Batch 26880/45872, Loss: -11.713489532470703
2024-09-30 02:50:52,954 - INFO - Epoch 13/25, Batch 28160/45872, Loss: -13.905579566955566
2024-09-30 02:50:54,039 - INFO - Epoch 13/25, Batch 29440/45872, Loss: -14.400367736816406
2024-09-30 02:50:55,003 - INFO - Epoch 13/25, Batch 30720/45872, Loss: -12.924707412719727
2024-09-30 02:50:55,895 - INFO - Epoch 13/25, Batch 32000/45872, Loss: -13.608980178833008
2024-09-30 02:50:56,964 - INFO - Epoch 13/25, Batch 33280/45872, Loss: -12.624500274658203
2024-09-30 02:50:57,844 - INFO - Epoch 13/25, Batch 34560/45872, Loss: -11.700652122497559
2024-09-30 02:50:59,007 - INFO - Epoch 13/25, Batch 35840/45872, Loss: -13.077234268188477
2024-09-30 02:51:00,118 - INFO - Epoch 13/25, Batch 37120/45872, Loss: -14.040687561035156
2024-09-30 02:51:01,098 - INFO - Epoch 13/25, Batch 38400/45872, Loss: -12.5360107421875
2024-09-30 02:51:02,130 - INFO - Epoch 13/25, Batch 39680/45872, Loss: -12.525447845458984
2024-09-30 02:51:03,302 - INFO - Epoch 13/25, Batch 40960/45872, Loss: -13.6480073928833
2024-09-30 02:51:04,441 - INFO - Epoch 13/25, Batch 42240/45872, Loss: -15.956624984741211
2024-09-30 02:51:05,543 - INFO - Epoch 13/25, Batch 43520/45872, Loss: -15.313846588134766
2024-09-30 02:51:06,504 - INFO - Epoch 13/25, Batch 44800/45872, Loss: -12.973050117492676
2024-09-30 02:51:07,325 - INFO - End of epoch 13/25, Average Loss: -13.2842
2024-09-30 02:51:07,325 - INFO - Starting validation...
2024-09-30 02:52:02,987 - INFO - Validation completed. Total Correct: 194382, Total Tags: 219188, Validation Accuracy: 88.68%
2024-09-30 02:52:02,987 - INFO - No improvement. Patience counter: 4/5
2024-09-30 02:52:02,987 - INFO - Starting epoch 14/25
2024-09-30 02:52:03,082 - INFO - Epoch 14/25, Batch 0/45872, Loss: -14.610797882080078
2024-09-30 02:52:04,037 - INFO - Epoch 14/25, Batch 1280/45872, Loss: -13.48547077178955
2024-09-30 02:52:04,959 - INFO - Epoch 14/25, Batch 2560/45872, Loss: -14.075613021850586
2024-09-30 02:52:05,873 - INFO - Epoch 14/25, Batch 3840/45872, Loss: -15.227327346801758
2024-09-30 02:52:06,805 - INFO - Epoch 14/25, Batch 5120/45872, Loss: -14.731943130493164
2024-09-30 02:52:07,751 - INFO - Epoch 14/25, Batch 6400/45872, Loss: -13.054536819458008
2024-09-30 02:52:08,823 - INFO - Epoch 14/25, Batch 7680/45872, Loss: -13.735391616821289
2024-09-30 02:52:09,964 - INFO - Epoch 14/25, Batch 8960/45872, Loss: -14.33659553527832
2024-09-30 02:52:10,943 - INFO - Epoch 14/25, Batch 10240/45872, Loss: -14.450435638427734
2024-09-30 02:52:11,883 - INFO - Epoch 14/25, Batch 11520/45872, Loss: -14.743640899658203
2024-09-30 02:52:12,946 - INFO - Epoch 14/25, Batch 12800/45872, Loss: -15.80703353881836
2024-09-30 02:52:13,910 - INFO - Epoch 14/25, Batch 14080/45872, Loss: -13.788431167602539
2024-09-30 02:52:14,845 - INFO - Epoch 14/25, Batch 15360/45872, Loss: -11.879314422607422
2024-09-30 02:52:15,754 - INFO - Epoch 14/25, Batch 16640/45872, Loss: -13.686580657958984
2024-09-30 02:52:16,818 - INFO - Epoch 14/25, Batch 17920/45872, Loss: -15.319173812866211
2024-09-30 02:52:17,803 - INFO - Epoch 14/25, Batch 19200/45872, Loss: -13.453832626342773
2024-09-30 02:52:18,805 - INFO - Epoch 14/25, Batch 20480/45872, Loss: -16.624805450439453
2024-09-30 02:52:19,637 - INFO - Epoch 14/25, Batch 21760/45872, Loss: -14.558897972106934
2024-09-30 02:52:20,616 - INFO - Epoch 14/25, Batch 23040/45872, Loss: -15.504101753234863
2024-09-30 02:52:21,523 - INFO - Epoch 14/25, Batch 24320/45872, Loss: -16.670063018798828
2024-09-30 02:52:22,403 - INFO - Epoch 14/25, Batch 25600/45872, Loss: -14.96795654296875
2024-09-30 02:52:23,445 - INFO - Epoch 14/25, Batch 26880/45872, Loss: -12.848875999450684
2024-09-30 02:52:24,358 - INFO - Epoch 14/25, Batch 28160/45872, Loss: -15.214767456054688
2024-09-30 02:52:25,444 - INFO - Epoch 14/25, Batch 29440/45872, Loss: -15.878042221069336
2024-09-30 02:52:26,459 - INFO - Epoch 14/25, Batch 30720/45872, Loss: -14.177589416503906
2024-09-30 02:52:27,380 - INFO - Epoch 14/25, Batch 32000/45872, Loss: -14.855047225952148
2024-09-30 02:52:28,452 - INFO - Epoch 14/25, Batch 33280/45872, Loss: -13.975265502929688
2024-09-30 02:52:29,334 - INFO - Epoch 14/25, Batch 34560/45872, Loss: -12.775379180908203
2024-09-30 02:52:30,430 - INFO - Epoch 14/25, Batch 35840/45872, Loss: -14.356206893920898
2024-09-30 02:52:31,586 - INFO - Epoch 14/25, Batch 37120/45872, Loss: -15.303962707519531
2024-09-30 02:52:32,625 - INFO - Epoch 14/25, Batch 38400/45872, Loss: -13.693623542785645
2024-09-30 02:52:33,597 - INFO - Epoch 14/25, Batch 39680/45872, Loss: -13.682541847229004
2024-09-30 02:52:34,745 - INFO - Epoch 14/25, Batch 40960/45872, Loss: -14.785799026489258
2024-09-30 02:52:35,825 - INFO - Epoch 14/25, Batch 42240/45872, Loss: -17.52005386352539
2024-09-30 02:52:36,898 - INFO - Epoch 14/25, Batch 43520/45872, Loss: -16.818605422973633
2024-09-30 02:52:37,839 - INFO - Epoch 14/25, Batch 44800/45872, Loss: -14.177871704101562
2024-09-30 02:52:38,638 - INFO - End of epoch 14/25, Average Loss: -14.4184
2024-09-30 02:52:38,638 - INFO - Starting validation...
2024-09-30 02:53:33,757 - INFO - Validation completed. Total Correct: 194888, Total Tags: 219188, Validation Accuracy: 88.91%
2024-09-30 02:53:33,757 - INFO - No improvement. Patience counter: 5/5
2024-09-30 02:53:33,757 - INFO - Early stopping triggered.
2024-09-30 02:53:33,840 - INFO - Final model saved at crf_pos_tagger.pth
2024-09-30 02:53:33,840 - INFO - Training completed. Best Validation Accuracy: 88.96%
